#
# There is insufficient memory for the Java Runtime Environment to continue.
# Native memory allocation (malloc) failed to allocate 2097152 bytes for AllocateHeap
# Possible reasons:
#   The system is out of physical RAM or swap space
#   The process is running with CompressedOops enabled, and the Java Heap may be blocking the growth of the native heap
# Possible solutions:
#   Reduce memory load on the system
#   Increase physical memory or swap space
#   Check if swap backing store is full
#   Decrease Java heap size (-Xmx/-Xms)
#   Decrease number of Java threads
#   Decrease Java thread stack sizes (-Xss)
#   Set larger code cache with -XX:ReservedCodeCacheSize=
#   JVM is running with Zero Based Compressed Oops mode in which the Java heap is
#     placed in the first 32GB address space. The Java Heap base address is the
#     maximum limit for the native heap growth. Please use -XX:HeapBaseMinAddress
#     to set the Java Heap base and to place the Java Heap above 32GB virtual address.
# This output file may be truncated or incomplete.
#
#  Out of Memory Error (allocation.cpp:44), pid=10484, tid=6980
#
# JRE version: Java(TM) SE Runtime Environment (17.0.4+11) (build 17.0.4+11-LTS-179)
# Java VM: Java HotSpot(TM) 64-Bit Server VM (17.0.4+11-LTS-179, mixed mode, sharing, tiered, compressed oops, compressed class ptrs, g1 gc, windows-amd64)
# No core dump will be written. Minidumps are not enabled by default on client versions of Windows
#

---------------  S U M M A R Y ------------

Command Line: --add-opens=java.base/java.util=ALL-UNNAMED --add-opens=java.base/java.lang=ALL-UNNAMED --add-opens=java.base/java.lang.invoke=ALL-UNNAMED --add-opens=java.prefs/java.util.prefs=ALL-UNNAMED --add-opens=java.base/java.nio.charset=ALL-UNNAMED --add-opens=java.base/java.net=ALL-UNNAMED --add-opens=java.base/java.util.concurrent.atomic=ALL-UNNAMED -Xmx4096M -Dfile.encoding=windows-1252 -Duser.country=CA -Duser.language=en -Duser.variant -javaagent:C:\Users\thoma\.gradle\wrapper\dists\gradle-8.8-bin\dl7vupf4psengwqhwktix4v1\gradle-8.8\lib\agents\gradle-instrumentation-agent-8.8.jar org.gradle.launcher.daemon.bootstrap.GradleDaemon 8.8

Host: 11th Gen Intel(R) Core(TM) i7-11800H @ 2.30GHz, 16 cores, 7G,  Windows 11 , 64 bit Build 22000 (10.0.22000.2538)
Time: Thu Jun 27 15:44:35 2024 Pacific Summer Time elapsed time: 14.721142 seconds (0d 0h 0m 14s)

---------------  T H R E A D  ---------------

Current thread (0x000002b8ef03bf50):  VMThread "VM Thread" [stack: 0x000000ef8d600000,0x000000ef8d700000] [id=6980]

Stack: [0x000000ef8d600000,0x000000ef8d700000]
Native frames: (J=compiled Java code, j=interpreted, Vv=VM code, C=native code)
V  [jvm.dll+0x6723da]
V  [jvm.dll+0x7d1f74]
V  [jvm.dll+0x7d371e]
V  [jvm.dll+0x7d3d83]
V  [jvm.dll+0x242ed5]
V  [jvm.dll+0xa4b93]
V  [jvm.dll+0x2f2411]
V  [jvm.dll+0x2ee230]
V  [jvm.dll+0x2d69c7]
V  [jvm.dll+0x319637]
V  [jvm.dll+0x7d825b]
V  [jvm.dll+0x7d8f94]
V  [jvm.dll+0x7d94ac]
V  [jvm.dll+0x7d9884]
V  [jvm.dll+0x7d9950]
V  [jvm.dll+0x78201a]
V  [jvm.dll+0x671265]
C  [ucrtbase.dll+0x26c0c]
C  [KERNEL32.DLL+0x153e0]
C  [ntdll.dll+0x485b]

VM_Operation (0x000000ef8f0f9530): G1CollectFull, mode: safepoint, requested by thread 0x000002b8f202a160


---------------  P R O C E S S  ---------------

Threads class SMR info:
_java_thread_list=0x000002b8f8d3aa20, length=102, elements={
0x000002b8cbf73cf0, 0x000002b8ef03f680, 0x000002b8ef040230, 0x000002b8ef05c1f0,
0x000002b8ef05cab0, 0x000002b8ef05f470, 0x000002b8ef05fe20, 0x000002b8ef060bb0,
0x000002b8ef062660, 0x000002b8ef064060, 0x000002b8cc03c070, 0x000002b8f04ee3b0,
0x000002b8f04eea30, 0x000002b8f05e8d90, 0x000002b8f12327d0, 0x000002b8f1cce020,
0x000002b8f105e220, 0x000002b8f1279e90, 0x000002b8f1f6c420, 0x000002b8f2030d20,
0x000002b8f202a160, 0x000002b8f2230520, 0x000002b8f2233a10, 0x000002b8f2230050,
0x000002b8f2231d30, 0x000002b8f22309f0, 0x000002b8f2230ec0, 0x000002b8f2232200,
0x000002b8f22326d0, 0x000002b8f2232ba0, 0x000002b8f2233070, 0x000002b8f2233540,
0x000002b8f2ec23d0, 0x000002b8f2ebeee0, 0x000002b8f2ec0bc0, 0x000002b8f2ec28a0,
0x000002b8f2ebb520, 0x000002b8f2ec1a30, 0x000002b8f2ebd200, 0x000002b8f2ebb9f0,
0x000002b8f2ebf880, 0x000002b8f2ebc860, 0x000002b8f2ebcd30, 0x000002b8f2ebfd50,
0x000002b8f2ebd6d0, 0x000002b8f2ec0220, 0x000002b8f2ec1560, 0x000002b8f2ebe070,
0x000002b8f2ebe540, 0x000002b8f5d013f0, 0x000002b8f5cfbd50, 0x000002b8f5cfaa10,
0x000002b8f5cfc220, 0x000002b8f5d00580, 0x000002b8f5d00a50, 0x000002b8f5cfc6f0,
0x000002b8f5cfdf00, 0x000002b8f5d00f20, 0x000002b8f5cfe8a0, 0x000002b8f5cfcbc0,
0x000002b8f5cfd090, 0x000002b8f5cfb3b0, 0x000002b8f5cfe3d0, 0x000002b8f5cfd560,
0x000002b8f5cfb880, 0x000002b8f5cfda30, 0x000002b8f5cfed70, 0x000002b8f5cff240,
0x000002b8f5d018c0, 0x000002b8f5cff710, 0x000002b8f5cffbe0, 0x000002b8f5cfa070,
0x000002b8f5d000b0, 0x000002b8f5cfa540, 0x000002b8f5cfaee0, 0x000002b8f10dad50,
0x000002b8f10dc090, 0x000002b8f10d9a10, 0x000002b8f10d9540, 0x000002b8f10da880,
0x000002b8f10dca30, 0x000002b8f10d9ee0, 0x000002b8f10db220, 0x000002b8f10d9070,
0x000002b8f10dbbc0, 0x000002b8f10dc560, 0x000002b8f10da3b0, 0x000002b8f10db6f0,
0x000002b8f3ed2ef0, 0x000002b8f3ece1f0, 0x000002b8f3ed1210, 0x000002b8f3ed0870,
0x000002b8f3ed16e0, 0x000002b8f3ecfa00, 0x000002b8f3eceb90, 0x000002b8f3ed2a20,
0x000002b8f3ed2550, 0x000002b8f3ecdd20, 0x000002b8f3ecc510, 0x000002b8f3ecf060,
0x000002b8f3ecc9e0, 0x000002b8f3ecf530
}

Java Threads: ( => current thread )
  0x000002b8cbf73cf0 JavaThread "main" [_thread_blocked, id=20912, stack(0x000000ef8d000000,0x000000ef8d100000)]
  0x000002b8ef03f680 JavaThread "Reference Handler" daemon [_thread_blocked, id=12544, stack(0x000000ef8d700000,0x000000ef8d800000)]
  0x000002b8ef040230 JavaThread "Finalizer" daemon [_thread_blocked, id=8924, stack(0x000000ef8d800000,0x000000ef8d900000)]
  0x000002b8ef05c1f0 JavaThread "Signal Dispatcher" daemon [_thread_blocked, id=8632, stack(0x000000ef8d900000,0x000000ef8da00000)]
  0x000002b8ef05cab0 JavaThread "Attach Listener" daemon [_thread_blocked, id=8076, stack(0x000000ef8da00000,0x000000ef8db00000)]
  0x000002b8ef05f470 JavaThread "Service Thread" daemon [_thread_blocked, id=25812, stack(0x000000ef8db00000,0x000000ef8dc00000)]
  0x000002b8ef05fe20 JavaThread "Monitor Deflation Thread" daemon [_thread_blocked, id=5820, stack(0x000000ef8dc00000,0x000000ef8dd00000)]
  0x000002b8ef060bb0 JavaThread "C2 CompilerThread0" daemon [_thread_blocked, id=1700, stack(0x000000ef8dd00000,0x000000ef8de00000)]
  0x000002b8ef062660 JavaThread "C1 CompilerThread0" daemon [_thread_blocked, id=24008, stack(0x000000ef8de00000,0x000000ef8df00000)]
  0x000002b8ef064060 JavaThread "Sweeper thread" daemon [_thread_blocked, id=10576, stack(0x000000ef8df00000,0x000000ef8e000000)]
  0x000002b8cc03c070 JavaThread "Common-Cleaner" daemon [_thread_blocked, id=7912, stack(0x000000ef8e000000,0x000000ef8e100000)]
  0x000002b8f04ee3b0 JavaThread "C1 CompilerThread1" daemon [_thread_blocked, id=23268, stack(0x000000ef8e100000,0x000000ef8e200000)]
  0x000002b8f04eea30 JavaThread "C1 CompilerThread2" daemon [_thread_blocked, id=9248, stack(0x000000ef8e200000,0x000000ef8e300000)]
  0x000002b8f05e8d90 JavaThread "Notification Thread" daemon [_thread_blocked, id=2504, stack(0x000000ef8e300000,0x000000ef8e400000)]
  0x000002b8f12327d0 JavaThread "Daemon health stats" [_thread_blocked, id=26716, stack(0x000000ef8ea00000,0x000000ef8eb00000)]
  0x000002b8f1cce020 JavaThread "Incoming local TCP Connector on port 61633" [_thread_in_native, id=24312, stack(0x000000ef8eb00000,0x000000ef8ec00000)]
  0x000002b8f105e220 JavaThread "Daemon periodic checks" [_thread_blocked, id=9344, stack(0x000000ef8ec00000,0x000000ef8ed00000)]
  0x000002b8f1279e90 JavaThread "Daemon" [_thread_blocked, id=24192, stack(0x000000ef8ed00000,0x000000ef8ee00000)]
  0x000002b8f1f6c420 JavaThread "Handler for socket connection from /127.0.0.1:61633 to /127.0.0.1:61634" [_thread_in_native, id=12608, stack(0x000000ef8ee00000,0x000000ef8ef00000)]
  0x000002b8f2030d20 JavaThread "Cancel handler" [_thread_blocked, id=26660, stack(0x000000ef8ef00000,0x000000ef8f000000)]
  0x000002b8f202a160 JavaThread "Daemon worker" [_thread_blocked, id=3352, stack(0x000000ef8f000000,0x000000ef8f100000)]
  0x000002b8f2230520 JavaThread "Asynchronous log dispatcher for DefaultDaemonConnection: socket connection from /127.0.0.1:61633 to /127.0.0.1:61634" [_thread_blocked, id=8080, stack(0x000000ef8f100000,0x000000ef8f200000)]
  0x000002b8f2233a10 JavaThread "Stdin handler" [_thread_blocked, id=2776, stack(0x000000ef8f200000,0x000000ef8f300000)]
  0x000002b8f2230050 JavaThread "Daemon client event forwarder" [_thread_blocked, id=4172, stack(0x000000ef8f300000,0x000000ef8f400000)]
  0x000002b8f2231d30 JavaThread "Cache worker for journal cache (C:\Users\thoma\.gradle\caches\journal-1)" [_thread_blocked, id=15072, stack(0x000000ef8e800000,0x000000ef8e900000)]
  0x000002b8f22309f0 JavaThread "File lock request listener" [_thread_in_native, id=24832, stack(0x000000ef8fc00000,0x000000ef8fd00000)]
  0x000002b8f2230ec0 JavaThread "Cache worker for file hash cache (C:\Users\thoma\.gradle\caches\8.8\fileHashes)" [_thread_blocked, id=23804, stack(0x000000ef8fd00000,0x000000ef8fe00000)]
  0x000002b8f2232200 JavaThread "Cache worker for file hash cache (C:\Users\thoma\Documents\Studio\mc\cobbleblackout\.gradle\8.8\fileHashes)" [_thread_blocked, id=23416, stack(0x000000ef8fe00000,0x000000ef8ff00000)]
  0x000002b8f22326d0 JavaThread "File watcher server" daemon [_thread_in_native, id=19412, stack(0x000000ef8ff00000,0x000000ef90000000)]
  0x000002b8f2232ba0 JavaThread "File watcher consumer" daemon [_thread_blocked, id=1612, stack(0x000000ef90000000,0x000000ef90100000)]
  0x000002b8f2233070 JavaThread "Cache worker for checksums cache (C:\Users\thoma\Documents\Studio\mc\cobbleblackout\.gradle\8.8\checksums)" [_thread_blocked, id=7472, stack(0x000000ef90300000,0x000000ef90400000)]
  0x000002b8f2233540 JavaThread "Cache worker for file content cache (C:\Users\thoma\.gradle\caches\8.8\fileContent)" [_thread_blocked, id=6388, stack(0x000000ef90400000,0x000000ef90500000)]
  0x000002b8f2ec23d0 JavaThread "Cache worker for cache directory md-rule (C:\Users\thoma\.gradle\caches\8.8\md-rule)" [_thread_blocked, id=20680, stack(0x000000ef90500000,0x000000ef90600000)]
  0x000002b8f2ebeee0 JavaThread "Cache worker for cache directory md-supplier (C:\Users\thoma\.gradle\caches\8.8\md-supplier)" [_thread_blocked, id=5556, stack(0x000000ef90600000,0x000000ef90700000)]
  0x000002b8f2ec0bc0 JavaThread "jar transforms" [_thread_blocked, id=11992, stack(0x000000ef90700000,0x000000ef90800000)]
  0x000002b8f2ec28a0 JavaThread "jar transforms Thread 2" [_thread_blocked, id=16460, stack(0x000000ef90800000,0x000000ef90900000)]
  0x000002b8f2ebb520 JavaThread "jar transforms Thread 3" [_thread_blocked, id=16152, stack(0x000000ef90900000,0x000000ef90a00000)]
  0x000002b8f2ec1a30 JavaThread "jar transforms Thread 4" [_thread_blocked, id=8184, stack(0x000000ef90a00000,0x000000ef90b00000)]
  0x000002b8f2ebd200 JavaThread "jar transforms Thread 5" [_thread_blocked, id=17620, stack(0x000000ef90b00000,0x000000ef90c00000)]
  0x000002b8f2ebb9f0 JavaThread "jar transforms Thread 6" [_thread_blocked, id=19220, stack(0x000000ef90c00000,0x000000ef90d00000)]
  0x000002b8f2ebf880 JavaThread "jar transforms Thread 7" [_thread_blocked, id=1260, stack(0x000000ef90d00000,0x000000ef90e00000)]
  0x000002b8f2ebc860 JavaThread "jar transforms Thread 8" [_thread_blocked, id=10488, stack(0x000000ef90e00000,0x000000ef90f00000)]
  0x000002b8f2ebcd30 JavaThread "jar transforms Thread 9" [_thread_blocked, id=17788, stack(0x000000ef90f00000,0x000000ef91000000)]
  0x000002b8f2ebfd50 JavaThread "jar transforms Thread 10" [_thread_blocked, id=23504, stack(0x000000ef91000000,0x000000ef91100000)]
  0x000002b8f2ebd6d0 JavaThread "Cache worker for Build Output Cleanup Cache (C:\Users\thoma\Documents\Studio\mc\cobbleblackout\.gradle\buildOutputCleanup)" [_thread_blocked, id=21528, stack(0x000000ef91100000,0x000000ef91200000)]
  0x000002b8f2ec0220 JavaThread "Unconstrained build operations" [_thread_blocked, id=4248, stack(0x000000ef91300000,0x000000ef91400000)]
  0x000002b8f2ec1560 JavaThread "Unconstrained build operations Thread 2" [_thread_blocked, id=24164, stack(0x000000ef91400000,0x000000ef91500000)]
  0x000002b8f2ebe070 JavaThread "Unconstrained build operations Thread 3" [_thread_blocked, id=5496, stack(0x000000ef91500000,0x000000ef91600000)]
  0x000002b8f2ebe540 JavaThread "Unconstrained build operations Thread 4" [_thread_blocked, id=27552, stack(0x000000ef91600000,0x000000ef91700000)]
  0x000002b8f5d013f0 JavaThread "Unconstrained build operations Thread 5" [_thread_blocked, id=21164, stack(0x000000ef91700000,0x000000ef91800000)]
  0x000002b8f5cfbd50 JavaThread "Unconstrained build operations Thread 6" [_thread_blocked, id=25100, stack(0x000000ef91800000,0x000000ef91900000)]
  0x000002b8f5cfaa10 JavaThread "Unconstrained build operations Thread 7" [_thread_blocked, id=14612, stack(0x000000ef91900000,0x000000ef91a00000)]
  0x000002b8f5cfc220 JavaThread "Unconstrained build operations Thread 8" [_thread_blocked, id=15036, stack(0x000000ef91a00000,0x000000ef91b00000)]
  0x000002b8f5d00580 JavaThread "Unconstrained build operations Thread 9" [_thread_blocked, id=3184, stack(0x000000ef91b00000,0x000000ef91c00000)]
  0x000002b8f5d00a50 JavaThread "Unconstrained build operations Thread 10" [_thread_blocked, id=6288, stack(0x000000ef91c00000,0x000000ef91d00000)]
  0x000002b8f5cfc6f0 JavaThread "Unconstrained build operations Thread 11" [_thread_blocked, id=27116, stack(0x000000ef91d00000,0x000000ef91e00000)]
  0x000002b8f5cfdf00 JavaThread "Unconstrained build operations Thread 12" [_thread_blocked, id=26992, stack(0x000000ef91e00000,0x000000ef91f00000)]
  0x000002b8f5d00f20 JavaThread "Unconstrained build operations Thread 13" [_thread_blocked, id=18380, stack(0x000000ef91f00000,0x000000ef92000000)]
  0x000002b8f5cfe8a0 JavaThread "Unconstrained build operations Thread 14" [_thread_blocked, id=9400, stack(0x000000ef92000000,0x000000ef92100000)]
  0x000002b8f5cfcbc0 JavaThread "Unconstrained build operations Thread 15" [_thread_blocked, id=17428, stack(0x000000ef92100000,0x000000ef92200000)]
  0x000002b8f5cfd090 JavaThread "Unconstrained build operations Thread 16" [_thread_blocked, id=21356, stack(0x000000ef92200000,0x000000ef92300000)]
  0x000002b8f5cfb3b0 JavaThread "Unconstrained build operations Thread 17" [_thread_blocked, id=18928, stack(0x000000ef92300000,0x000000ef92400000)]
  0x000002b8f5cfe3d0 JavaThread "Unconstrained build operations Thread 18" [_thread_blocked, id=24772, stack(0x000000ef92400000,0x000000ef92500000)]
  0x000002b8f5cfd560 JavaThread "Unconstrained build operations Thread 19" [_thread_blocked, id=11268, stack(0x000000ef92500000,0x000000ef92600000)]
  0x000002b8f5cfb880 JavaThread "Unconstrained build operations Thread 20" [_thread_blocked, id=22496, stack(0x000000ef92600000,0x000000ef92700000)]
  0x000002b8f5cfda30 JavaThread "Unconstrained build operations Thread 21" [_thread_blocked, id=7476, stack(0x000000ef92700000,0x000000ef92800000)]
  0x000002b8f5cfed70 JavaThread "Unconstrained build operations Thread 22" [_thread_blocked, id=728, stack(0x000000ef92800000,0x000000ef92900000)]
  0x000002b8f5cff240 JavaThread "Unconstrained build operations Thread 23" [_thread_blocked, id=8048, stack(0x000000ef92900000,0x000000ef92a00000)]
  0x000002b8f5d018c0 JavaThread "Unconstrained build operations Thread 24" [_thread_blocked, id=7092, stack(0x000000ef92a00000,0x000000ef92b00000)]
  0x000002b8f5cff710 JavaThread "Unconstrained build operations Thread 25" [_thread_blocked, id=3584, stack(0x000000ef92b00000,0x000000ef92c00000)]
  0x000002b8f5cffbe0 JavaThread "Unconstrained build operations Thread 26" [_thread_blocked, id=19772, stack(0x000000ef92c00000,0x000000ef92d00000)]
  0x000002b8f5cfa070 JavaThread "Unconstrained build operations Thread 27" [_thread_blocked, id=2820, stack(0x000000ef92d00000,0x000000ef92e00000)]
  0x000002b8f5d000b0 JavaThread "Unconstrained build operations Thread 28" [_thread_blocked, id=23004, stack(0x000000ef92e00000,0x000000ef92f00000)]
  0x000002b8f5cfa540 JavaThread "Unconstrained build operations Thread 29" [_thread_blocked, id=13752, stack(0x000000ef92f00000,0x000000ef93000000)]
  0x000002b8f5cfaee0 JavaThread "Unconstrained build operations Thread 30" [_thread_blocked, id=12728, stack(0x000000ef93000000,0x000000ef93100000)]
  0x000002b8f10dad50 JavaThread "Unconstrained build operations Thread 31" [_thread_blocked, id=5868, stack(0x000000ef93100000,0x000000ef93200000)]
  0x000002b8f10dc090 JavaThread "Unconstrained build operations Thread 32" [_thread_blocked, id=13000, stack(0x000000ef93200000,0x000000ef93300000)]
  0x000002b8f10d9a10 JavaThread "Unconstrained build operations Thread 33" [_thread_blocked, id=25700, stack(0x000000ef93300000,0x000000ef93400000)]
  0x000002b8f10d9540 JavaThread "Unconstrained build operations Thread 34" [_thread_blocked, id=11440, stack(0x000000ef93400000,0x000000ef93500000)]
  0x000002b8f10da880 JavaThread "Unconstrained build operations Thread 35" [_thread_blocked, id=26832, stack(0x000000ef93500000,0x000000ef93600000)]
  0x000002b8f10dca30 JavaThread "Unconstrained build operations Thread 36" [_thread_blocked, id=24812, stack(0x000000ef93600000,0x000000ef93700000)]
  0x000002b8f10d9ee0 JavaThread "Unconstrained build operations Thread 37" [_thread_blocked, id=2744, stack(0x000000ef93700000,0x000000ef93800000)]
  0x000002b8f10db220 JavaThread "Unconstrained build operations Thread 38" [_thread_blocked, id=25064, stack(0x000000ef93800000,0x000000ef93900000)]
  0x000002b8f10d9070 JavaThread "Unconstrained build operations Thread 39" [_thread_blocked, id=6768, stack(0x000000ef93900000,0x000000ef93a00000)]
  0x000002b8f10dbbc0 JavaThread "Unconstrained build operations Thread 40" [_thread_blocked, id=15348, stack(0x000000ef93a00000,0x000000ef93b00000)]
  0x000002b8f10dc560 JavaThread "Unconstrained build operations Thread 41" [_thread_blocked, id=22620, stack(0x000000ef93b00000,0x000000ef93c00000)]
  0x000002b8f10da3b0 JavaThread "Unconstrained build operations Thread 42" [_thread_blocked, id=27548, stack(0x000000ef93c00000,0x000000ef93d00000)]
  0x000002b8f10db6f0 JavaThread "Unconstrained build operations Thread 43" [_thread_blocked, id=3508, stack(0x000000ef93d00000,0x000000ef93e00000)]
  0x000002b8f3ed2ef0 JavaThread "Unconstrained build operations Thread 44" [_thread_blocked, id=22328, stack(0x000000ef93e00000,0x000000ef93f00000)]
  0x000002b8f3ece1f0 JavaThread "Unconstrained build operations Thread 45" [_thread_blocked, id=18324, stack(0x000000ef93f00000,0x000000ef94000000)]
  0x000002b8f3ed1210 JavaThread "Unconstrained build operations Thread 46" [_thread_blocked, id=7992, stack(0x000000ef94000000,0x000000ef94100000)]
  0x000002b8f3ed0870 JavaThread "Memory manager" [_thread_blocked, id=6624, stack(0x000000ef94100000,0x000000ef94200000)]
  0x000002b8f3ed16e0 JavaThread "build event listener" [_thread_blocked, id=18552, stack(0x000000ef94200000,0x000000ef94300000)]
  0x000002b8f3ecfa00 JavaThread "build event listener" [_thread_blocked, id=23996, stack(0x000000ef94300000,0x000000ef94400000)]
  0x000002b8f3eceb90 JavaThread "build event listener" [_thread_blocked, id=11496, stack(0x000000ef94400000,0x000000ef94500000)]
  0x000002b8f3ed2a20 JavaThread "jar transforms Thread 11" [_thread_blocked, id=27072, stack(0x000000ef94500000,0x000000ef94600000)]
  0x000002b8f3ed2550 JavaThread "jar transforms Thread 12" [_thread_blocked, id=18136, stack(0x000000ef94600000,0x000000ef94700000)]
  0x000002b8f3ecdd20 JavaThread "HttpClient-1-SelectorManager" daemon [_thread_in_native, id=9712, stack(0x000000ef94700000,0x000000ef94800000)]
  0x000002b8f3ecc510 JavaThread "HttpClient-1-Worker-0" daemon [_thread_blocked, id=21252, stack(0x000000ef94800000,0x000000ef94900000)]
  0x000002b8f3ecf060 JavaThread "HttpClient-1-Worker-1" daemon [_thread_blocked, id=9820, stack(0x000000ef94900000,0x000000ef94a00000)]
  0x000002b8f3ecc9e0 JavaThread "Unconstrained build operations Thread 47" [_thread_blocked, id=12908, stack(0x000000ef94a00000,0x000000ef94b00000)]
  0x000002b8f3ecf530 JavaThread "Unconstrained build operations Thread 48" [_thread_blocked, id=14420, stack(0x000000ef94b00000,0x000000ef94c00000)]

Other Threads:
=>0x000002b8ef03bf50 VMThread "VM Thread" [stack: 0x000000ef8d600000,0x000000ef8d700000] [id=6980]
  0x000002b8cbf74b60 WatcherThread [stack: 0x000000ef8e400000,0x000000ef8e500000] [id=19384]
  0x000002b8cbfdf130 GCTaskThread "GC Thread#0" [stack: 0x000000ef8d100000,0x000000ef8d200000] [id=19432]
  0x000002b8f0665260 GCTaskThread "GC Thread#1" [stack: 0x000000ef8e500000,0x000000ef8e600000] [id=14364]
  0x000002b8f0ccef40 GCTaskThread "GC Thread#2" [stack: 0x000000ef8e600000,0x000000ef8e700000] [id=11068]
  0x000002b8f0ccf1f0 GCTaskThread "GC Thread#3" [stack: 0x000000ef8e700000,0x000000ef8e800000] [id=9888]
  0x000002b8f105f120 GCTaskThread "GC Thread#4" [stack: 0x000000ef8e900000,0x000000ef8ea00000] [id=19540]
  0x000002b8f1f65e30 GCTaskThread "GC Thread#5" [stack: 0x000000ef8f400000,0x000000ef8f500000] [id=26060]
  0x000002b8f1f6d010 GCTaskThread "GC Thread#6" [stack: 0x000000ef8f500000,0x000000ef8f600000] [id=3244]
  0x000002b8f127b320 GCTaskThread "GC Thread#7" [stack: 0x000000ef8f600000,0x000000ef8f700000] [id=22188]
  0x000002b8f2210010 GCTaskThread "GC Thread#8" [stack: 0x000000ef8f700000,0x000000ef8f800000] [id=20316]
  0x000002b8f233b5a0 GCTaskThread "GC Thread#9" [stack: 0x000000ef8f800000,0x000000ef8f900000] [id=2072]
  0x000002b8f1f3b410 GCTaskThread "GC Thread#10" [stack: 0x000000ef8f900000,0x000000ef8fa00000] [id=5080]
  0x000002b8f2409cc0 GCTaskThread "GC Thread#11" [stack: 0x000000ef8fa00000,0x000000ef8fb00000] [id=13364]
  0x000002b8f240a220 GCTaskThread "GC Thread#12" [stack: 0x000000ef8fb00000,0x000000ef8fc00000] [id=1528]
  0x000002b8cbff0070 ConcurrentGCThread "G1 Main Marker" [stack: 0x000000ef8d200000,0x000000ef8d300000] [id=24660]
  0x000002b8cbff0a80 ConcurrentGCThread "G1 Conc#0" [stack: 0x000000ef8d300000,0x000000ef8d400000] [id=23908]
  0x000002b8f2409a10 ConcurrentGCThread "G1 Conc#1" [stack: 0x000000ef90100000,0x000000ef90200000] [id=20392]
  0x000002b8f240aa30 ConcurrentGCThread "G1 Conc#2" [stack: 0x000000ef90200000,0x000000ef90300000] [id=25028]
  0x000002b8cc02d970 ConcurrentGCThread "G1 Refine#0" [stack: 0x000000ef8d400000,0x000000ef8d500000] [id=27080]
  0x000002b8cc02e390 ConcurrentGCThread "G1 Service" [stack: 0x000000ef8d500000,0x000000ef8d600000] [id=15372]

Threads with active compile tasks:
C2 CompilerThread0    14742 10927 % !   4       java.util.jar.Attributes::read @ 214 (494 bytes)
C1 CompilerThread1    14742 11010       3       org.apache.commons.lang.StringUtils::join (118 bytes)

VM state: at safepoint (normal execution)

VM Mutex/Monitor currently owned by a thread:  ([mutex/lock_event])
[0x000002b8cbf6e740] Threads_lock - owner thread: 0x000002b8ef03bf50
[0x000002b8cbf6fdc0] Heap_lock - owner thread: 0x000002b8f202a160

Heap address: 0x0000000700000000, size: 4096 MB, Compressed Oops mode: Zero based, Oop shift amount: 3

CDS archive(s) mapped at: [0x0000000800000000-0x0000000800bc0000-0x0000000800bc0000), size 12320768, SharedBaseAddress: 0x0000000800000000, ArchiveRelocationMode: 0.
Compressed class space mapped at: 0x0000000800c00000-0x0000000840c00000, reserved size: 1073741824
Narrow klass base: 0x0000000800000000, Narrow klass shift: 0, Narrow klass range: 0x100000000

GC Precious Log:
 CPUs: 16 total, 16 available
 Memory: 7922M
 Large Page Support: Disabled
 NUMA Support: Disabled
 Compressed Oops: Enabled (Zero based)
 Heap Region Size: 2M
 Heap Min Capacity: 8M
 Heap Initial Capacity: 124M
 Heap Max Capacity: 4G
 Pre-touch: Disabled
 Parallel Workers: 13
 Concurrent Workers: 3
 Concurrent Refinement Workers: 13
 Periodic GC: Disabled

Heap:
 garbage-first heap   total 217088K, used 116139K [0x0000000700000000, 0x0000000800000000)
  region size 2048K, 8 young (16384K), 3 survivors (6144K)
 Metaspace       used 80962K, committed 81728K, reserved 1122304K
  class space    used 11112K, committed 11456K, reserved 1048576K

Heap Regions: E=young(eden), S=young(survivor), O=old, HS=humongous(starts), HC=humongous(continues), CS=collection set, F=free, OA=open archive, CA=closed archive, TAMS=top-at-mark-start (previous, next)
|   0|0x0000000700000000, 0x0000000700200000, 0x0000000700200000|100%|HS|  |TAMS 0x0000000700200000, 0x0000000700000000| Complete 
|   1|0x0000000700200000, 0x0000000700400000, 0x0000000700400000|100%|HC|  |TAMS 0x0000000700400000, 0x0000000700200000| Complete 
|   2|0x0000000700400000, 0x0000000700600000, 0x0000000700600000|100%| O|  |TAMS 0x0000000700600000, 0x0000000700400000| Untracked 
|   3|0x0000000700600000, 0x0000000700800000, 0x0000000700800000|100%| O|  |TAMS 0x0000000700800000, 0x0000000700600000| Untracked 
|   4|0x0000000700800000, 0x0000000700a00000, 0x0000000700a00000|100%| O|  |TAMS 0x0000000700a00000, 0x0000000700800000| Untracked 
|   5|0x0000000700a00000, 0x0000000700c00000, 0x0000000700c00000|100%| O|  |TAMS 0x0000000700c00000, 0x0000000700a00000| Untracked 
|   6|0x0000000700c00000, 0x0000000700e00000, 0x0000000700e00000|100%| O|  |TAMS 0x0000000700e00000, 0x0000000700c00000| Untracked 
|   7|0x0000000700e00000, 0x0000000701000000, 0x0000000701000000|100%| O|  |TAMS 0x0000000701000000, 0x0000000700e00000| Untracked 
|   8|0x0000000701000000, 0x0000000701200000, 0x0000000701200000|100%| O|  |TAMS 0x0000000701200000, 0x0000000701000000| Untracked 
|   9|0x0000000701200000, 0x0000000701400000, 0x0000000701400000|100%| O|  |TAMS 0x0000000701400000, 0x0000000701200000| Untracked 
|  10|0x0000000701400000, 0x0000000701600000, 0x0000000701600000|100%| O|  |TAMS 0x0000000701600000, 0x0000000701400000| Untracked 
|  11|0x0000000701600000, 0x0000000701800000, 0x0000000701800000|100%| O|  |TAMS 0x0000000701800000, 0x0000000701600000| Untracked 
|  12|0x0000000701800000, 0x0000000701a00000, 0x0000000701a00000|100%| O|  |TAMS 0x0000000701a00000, 0x0000000701800000| Untracked 
|  13|0x0000000701a00000, 0x0000000701c00000, 0x0000000701c00000|100%| O|  |TAMS 0x0000000701c00000, 0x0000000701a00000| Untracked 
|  14|0x0000000701c00000, 0x0000000701e00000, 0x0000000701e00000|100%| O|  |TAMS 0x0000000701e00000, 0x0000000701c00000| Untracked 
|  15|0x0000000701e00000, 0x0000000702000000, 0x0000000702000000|100%| O|  |TAMS 0x0000000702000000, 0x0000000701e00000| Complete 
|  16|0x0000000702000000, 0x0000000702200000, 0x0000000702200000|100%| O|  |TAMS 0x0000000702200000, 0x0000000702000000| Untracked 
|  17|0x0000000702200000, 0x0000000702400000, 0x0000000702400000|100%| O|  |TAMS 0x0000000702400000, 0x0000000702200000| Untracked 
|  18|0x0000000702400000, 0x0000000702600000, 0x0000000702600000|100%|HS|  |TAMS 0x0000000702600000, 0x0000000702400000| Complete 
|  19|0x0000000702600000, 0x0000000702800000, 0x0000000702800000|100%|HS|  |TAMS 0x0000000702800000, 0x0000000702600000| Complete 
|  20|0x0000000702800000, 0x0000000702a00000, 0x0000000702a00000|100%|HC|  |TAMS 0x0000000702a00000, 0x0000000702800000| Complete 
|  21|0x0000000702a00000, 0x0000000702c00000, 0x0000000702c00000|100%|HS|  |TAMS 0x0000000702c00000, 0x0000000702a00000| Complete 
|  22|0x0000000702c00000, 0x0000000702e00000, 0x0000000702e00000|100%| O|  |TAMS 0x0000000702e00000, 0x0000000702c00000| Untracked 
|  23|0x0000000702e00000, 0x0000000703000000, 0x0000000703000000|100%| O|  |TAMS 0x0000000703000000, 0x0000000702e00000| Untracked 
|  24|0x0000000703000000, 0x0000000703200000, 0x0000000703200000|100%| O|  |TAMS 0x0000000703200000, 0x0000000703000000| Untracked 
|  25|0x0000000703200000, 0x0000000703400000, 0x0000000703400000|100%| O|  |TAMS 0x0000000703400000, 0x0000000703200000| Untracked 
|  26|0x0000000703400000, 0x0000000703600000, 0x0000000703600000|100%| O|  |TAMS 0x0000000703600000, 0x0000000703400000| Untracked 
|  27|0x0000000703600000, 0x0000000703800000, 0x0000000703800000|100%|HS|  |TAMS 0x0000000703800000, 0x0000000703600000| Complete 
|  28|0x0000000703800000, 0x0000000703a00000, 0x0000000703a00000|100%| O|  |TAMS 0x0000000703a00000, 0x0000000703800000| Untracked 
|  29|0x0000000703a00000, 0x0000000703c00000, 0x0000000703c00000|100%| O|  |TAMS 0x0000000703c00000, 0x0000000703a00000| Untracked 
|  30|0x0000000703c00000, 0x0000000703e00000, 0x0000000703e00000|100%| O|  |TAMS 0x0000000703e00000, 0x0000000703c00000| Untracked 
|  31|0x0000000703e00000, 0x0000000704000000, 0x0000000704000000|100%| O|  |TAMS 0x0000000704000000, 0x0000000703e00000| Untracked 
|  32|0x0000000704000000, 0x0000000704200000, 0x0000000704200000|100%| O|  |TAMS 0x0000000704200000, 0x0000000704000000| Untracked 
|  33|0x0000000704200000, 0x0000000704400000, 0x0000000704400000|100%|HS|  |TAMS 0x0000000704400000, 0x0000000704200000| Complete 
|  34|0x0000000704400000, 0x0000000704600000, 0x0000000704600000|100%|HC|  |TAMS 0x0000000704600000, 0x0000000704400000| Complete 
|  35|0x0000000704600000, 0x0000000704800000, 0x0000000704800000|100%| O|  |TAMS 0x0000000704800000, 0x0000000704600000| Untracked 
|  36|0x0000000704800000, 0x0000000704a00000, 0x0000000704a00000|100%| O|  |TAMS 0x0000000704a00000, 0x0000000704800000| Untracked 
|  37|0x0000000704a00000, 0x0000000704c00000, 0x0000000704c00000|100%| O|  |TAMS 0x0000000704c00000, 0x0000000704a00000| Untracked 
|  38|0x0000000704c00000, 0x0000000704e00000, 0x0000000704e00000|100%| O|  |TAMS 0x0000000704e00000, 0x0000000704c00000| Untracked 
|  39|0x0000000704e00000, 0x0000000705000000, 0x0000000705000000|100%| O|  |TAMS 0x0000000705000000, 0x0000000704e00000| Untracked 
|  40|0x0000000705000000, 0x0000000705200000, 0x0000000705200000|100%| O|  |TAMS 0x000000070503e200, 0x0000000705000000| Untracked 
|  41|0x0000000705200000, 0x0000000705400000, 0x0000000705400000|100%|HS|  |TAMS 0x0000000705400000, 0x0000000705200000| Complete 
|  42|0x0000000705400000, 0x0000000705600000, 0x0000000705600000|100%|HC|  |TAMS 0x0000000705600000, 0x0000000705400000| Complete 
|  43|0x0000000705600000, 0x0000000705800000, 0x0000000705800000|100%|HS|  |TAMS 0x0000000705800000, 0x0000000705600000| Complete 
|  44|0x0000000705800000, 0x0000000705a00000, 0x0000000705a00000|100%|HC|  |TAMS 0x0000000705a00000, 0x0000000705800000| Complete 
|  45|0x0000000705a00000, 0x0000000705c00000, 0x0000000705c00000|100%|HS|  |TAMS 0x0000000705c00000, 0x0000000705a00000| Complete 
|  46|0x0000000705c00000, 0x0000000705e00000, 0x0000000705e00000|100%|HC|  |TAMS 0x0000000705e00000, 0x0000000705c00000| Complete 
|  47|0x0000000705e00000, 0x0000000706000000, 0x0000000706000000|100%| O|  |TAMS 0x0000000705e00000, 0x0000000705e00000| Untracked 
|  48|0x0000000706000000, 0x0000000706022800, 0x0000000706200000|  6%| O|  |TAMS 0x0000000706000000, 0x0000000706000000| Untracked 
|  49|0x0000000706200000, 0x0000000706400000, 0x0000000706400000|100%|HS|  |TAMS 0x0000000706200000, 0x0000000706200000| Complete 
|  50|0x0000000706400000, 0x0000000706600000, 0x0000000706600000|100%|HC|  |TAMS 0x0000000706400000, 0x0000000706400000| Complete 
|  51|0x0000000706600000, 0x0000000706600000, 0x0000000706800000|  0%| F|  |TAMS 0x0000000706600000, 0x0000000706600000| Untracked 
|  52|0x0000000706800000, 0x0000000706800000, 0x0000000706a00000|  0%| F|  |TAMS 0x0000000706800000, 0x0000000706800000| Untracked 
|  53|0x0000000706a00000, 0x0000000706a00000, 0x0000000706c00000|  0%| F|  |TAMS 0x0000000706a00000, 0x0000000706a00000| Untracked 
|  54|0x0000000706c00000, 0x0000000706c00000, 0x0000000706e00000|  0%| F|  |TAMS 0x0000000706c00000, 0x0000000706c00000| Untracked 
|  55|0x0000000706e00000, 0x0000000706e00000, 0x0000000707000000|  0%| F|  |TAMS 0x0000000706e00000, 0x0000000706e00000| Untracked 
|  56|0x0000000707000000, 0x0000000707000000, 0x0000000707200000|  0%| F|  |TAMS 0x0000000707000000, 0x0000000707000000| Untracked 
|  57|0x0000000707200000, 0x0000000707200000, 0x0000000707400000|  0%| F|  |TAMS 0x0000000707200000, 0x0000000707200000| Untracked 
|  58|0x0000000707400000, 0x0000000707400000, 0x0000000707600000|  0%| F|  |TAMS 0x0000000707400000, 0x0000000707400000| Untracked 
|  59|0x0000000707600000, 0x0000000707600000, 0x0000000707800000|  0%| F|  |TAMS 0x0000000707600000, 0x0000000707600000| Untracked 
|  60|0x0000000707800000, 0x0000000707800000, 0x0000000707a00000|  0%| F|  |TAMS 0x0000000707800000, 0x0000000707800000| Untracked 
|  61|0x0000000707a00000, 0x0000000707a00000, 0x0000000707c00000|  0%| F|  |TAMS 0x0000000707a00000, 0x0000000707a00000| Untracked 
|  62|0x0000000707c00000, 0x0000000707c00000, 0x0000000707e00000|  0%| F|  |TAMS 0x0000000707c00000, 0x0000000707c00000| Untracked 
|  63|0x0000000707e00000, 0x0000000707e00000, 0x0000000708000000|  0%| F|  |TAMS 0x0000000707e00000, 0x0000000707e00000| Untracked 
|  64|0x0000000708000000, 0x0000000708000000, 0x0000000708200000|  0%| F|  |TAMS 0x0000000708000000, 0x0000000708000000| Untracked 
|  65|0x0000000708200000, 0x0000000708200000, 0x0000000708400000|  0%| F|  |TAMS 0x0000000708200000, 0x0000000708200000| Untracked 
|  66|0x0000000708400000, 0x0000000708400000, 0x0000000708600000|  0%| F|  |TAMS 0x0000000708400000, 0x0000000708400000| Untracked 
|  67|0x0000000708600000, 0x0000000708600000, 0x0000000708800000|  0%| F|  |TAMS 0x0000000708600000, 0x0000000708600000| Untracked 
|  68|0x0000000708800000, 0x0000000708800000, 0x0000000708a00000|  0%| F|  |TAMS 0x0000000708800000, 0x0000000708800000| Untracked 
|  69|0x0000000708a00000, 0x0000000708a00000, 0x0000000708c00000|  0%| F|  |TAMS 0x0000000708a00000, 0x0000000708a00000| Untracked 
|  70|0x0000000708c00000, 0x0000000708c00000, 0x0000000708e00000|  0%| F|  |TAMS 0x0000000708c00000, 0x0000000708c00000| Untracked 
|  71|0x0000000708e00000, 0x0000000708e00000, 0x0000000709000000|  0%| F|  |TAMS 0x0000000708e00000, 0x0000000708e00000| Untracked 
|  72|0x0000000709000000, 0x0000000709000000, 0x0000000709200000|  0%| F|  |TAMS 0x0000000709000000, 0x0000000709000000| Untracked 
|  73|0x0000000709200000, 0x0000000709200000, 0x0000000709400000|  0%| F|  |TAMS 0x0000000709200000, 0x0000000709200000| Untracked 
|  74|0x0000000709400000, 0x0000000709400000, 0x0000000709600000|  0%| F|  |TAMS 0x0000000709400000, 0x0000000709400000| Untracked 
|  75|0x0000000709600000, 0x0000000709600000, 0x0000000709800000|  0%| F|  |TAMS 0x0000000709600000, 0x0000000709600000| Untracked 
|  76|0x0000000709800000, 0x0000000709800000, 0x0000000709a00000|  0%| F|  |TAMS 0x0000000709800000, 0x0000000709800000| Untracked 
|  77|0x0000000709a00000, 0x0000000709a00000, 0x0000000709c00000|  0%| F|  |TAMS 0x0000000709a00000, 0x0000000709a00000| Untracked 
|  78|0x0000000709c00000, 0x0000000709c00000, 0x0000000709e00000|  0%| F|  |TAMS 0x0000000709c00000, 0x0000000709c00000| Untracked 
|  79|0x0000000709e00000, 0x0000000709e00000, 0x000000070a000000|  0%| F|  |TAMS 0x0000000709e00000, 0x0000000709e00000| Untracked 
|  80|0x000000070a000000, 0x000000070a000000, 0x000000070a200000|  0%| F|  |TAMS 0x000000070a000000, 0x000000070a000000| Untracked 
|  81|0x000000070a200000, 0x000000070a200000, 0x000000070a400000|  0%| F|  |TAMS 0x000000070a200000, 0x000000070a200000| Untracked 
|  82|0x000000070a400000, 0x000000070a400000, 0x000000070a600000|  0%| F|  |TAMS 0x000000070a400000, 0x000000070a400000| Untracked 
|  83|0x000000070a600000, 0x000000070a600000, 0x000000070a800000|  0%| F|  |TAMS 0x000000070a600000, 0x000000070a600000| Untracked 
|  84|0x000000070a800000, 0x000000070a948408, 0x000000070aa00000| 64%| S|CS|TAMS 0x000000070a800000, 0x000000070a800000| Complete 
|  85|0x000000070aa00000, 0x000000070ac00000, 0x000000070ac00000|100%| S|CS|TAMS 0x000000070aa00000, 0x000000070aa00000| Complete 
|  86|0x000000070ac00000, 0x000000070ae00000, 0x000000070ae00000|100%| S|CS|TAMS 0x000000070ac00000, 0x000000070ac00000| Complete 
|  87|0x000000070ae00000, 0x000000070ae00000, 0x000000070b000000|  0%| F|  |TAMS 0x000000070ae00000, 0x000000070ae00000| Untracked 
|  88|0x000000070b000000, 0x000000070b000000, 0x000000070b200000|  0%| F|  |TAMS 0x000000070b000000, 0x000000070b000000| Untracked 
|  89|0x000000070b200000, 0x000000070b200000, 0x000000070b400000|  0%| F|  |TAMS 0x000000070b200000, 0x000000070b200000| Untracked 
|  90|0x000000070b400000, 0x000000070b400000, 0x000000070b600000|  0%| F|  |TAMS 0x000000070b400000, 0x000000070b400000| Untracked 
|  91|0x000000070b600000, 0x000000070b600000, 0x000000070b800000|  0%| F|  |TAMS 0x000000070b600000, 0x000000070b600000| Untracked 
|  92|0x000000070b800000, 0x000000070b800000, 0x000000070ba00000|  0%| F|  |TAMS 0x000000070b800000, 0x000000070b800000| Untracked 
|  93|0x000000070ba00000, 0x000000070ba00000, 0x000000070bc00000|  0%| F|  |TAMS 0x000000070ba00000, 0x000000070ba00000| Untracked 
|  94|0x000000070bc00000, 0x000000070bc00000, 0x000000070be00000|  0%| F|  |TAMS 0x000000070bc00000, 0x000000070bc00000| Untracked 
|  95|0x000000070be00000, 0x000000070be00000, 0x000000070c000000|  0%| F|  |TAMS 0x000000070be00000, 0x000000070be00000| Untracked 
|  96|0x000000070c000000, 0x000000070c000000, 0x000000070c200000|  0%| F|  |TAMS 0x000000070c000000, 0x000000070c000000| Untracked 
|  97|0x000000070c200000, 0x000000070c200000, 0x000000070c400000|  0%| F|  |TAMS 0x000000070c200000, 0x000000070c200000| Untracked 
|  98|0x000000070c400000, 0x000000070c400000, 0x000000070c600000|  0%| F|  |TAMS 0x000000070c400000, 0x000000070c400000| Untracked 
|  99|0x000000070c600000, 0x000000070c600000, 0x000000070c800000|  0%| F|  |TAMS 0x000000070c600000, 0x000000070c600000| Untracked 
| 100|0x000000070c800000, 0x000000070c800000, 0x000000070ca00000|  0%| F|  |TAMS 0x000000070c800000, 0x000000070c800000| Untracked 
| 101|0x000000070ca00000, 0x000000070cb00800, 0x000000070cc00000| 50%| E|  |TAMS 0x000000070ca00000, 0x000000070ca00000| Complete 
| 102|0x000000070cc00000, 0x000000070ce00000, 0x000000070ce00000|100%| E|CS|TAMS 0x000000070cc00000, 0x000000070cc00000| Complete 
| 103|0x000000070ce00000, 0x000000070d000000, 0x000000070d000000|100%| E|CS|TAMS 0x000000070ce00000, 0x000000070ce00000| Complete 
| 104|0x000000070d000000, 0x000000070d200000, 0x000000070d200000|100%| E|CS|TAMS 0x000000070d000000, 0x000000070d000000| Complete 
| 105|0x000000070d200000, 0x000000070d400000, 0x000000070d400000|100%| E|CS|TAMS 0x000000070d200000, 0x000000070d200000| Complete 

Card table byte_map: [0x000002b8e3860000,0x000002b8e4060000] _byte_map_base: 0x000002b8e0060000

Marking Bits (Prev, Next): (CMBitMap*) 0x000002b8cbfdf740, (CMBitMap*) 0x000002b8cbfdf780
 Prev Bits: [0x000002b8e4860000, 0x000002b8e8860000)
 Next Bits: [0x000002b8e8860000, 0x000002b8ec860000)

Polling page: 0x000002b8cb740000

Metaspace:

Usage:
  Non-class:     68.21 MB used.
      Class:     10.85 MB used.
       Both:     79.07 MB used.

Virtual space:
  Non-class space:       72.00 MB reserved,      68.62 MB ( 95%) committed,  9 nodes.
      Class space:        1.00 GB reserved,      11.19 MB (  1%) committed,  1 nodes.
             Both:        1.07 GB reserved,      79.81 MB (  7%) committed. 

Chunk freelists:
   Non-Class:  3.31 MB
       Class:  779.00 KB
        Both:  4.07 MB

MaxMetaspaceSize: unlimited
CompressedClassSpaceSize: 1.00 GB
Initial GC threshold: 21.00 MB
Current GC threshold: 133.06 MB
CDS: on
MetaspaceReclaimPolicy: balanced
 - commit_granule_bytes: 65536.
 - commit_granule_words: 8192.
 - virtual_space_node_default_size: 1048576.
 - enlarge_chunks_in_place: 1.
 - new_chunks_are_fully_committed: 0.
 - uncommit_free_chunks: 1.
 - use_allocation_guard: 0.
 - handle_deallocations: 1.


Internal statistics:

num_allocs_failed_limit: 9.
num_arena_births: 1018.
num_arena_deaths: 0.
num_vsnodes_births: 10.
num_vsnodes_deaths: 0.
num_space_committed: 1277.
num_space_uncommitted: 0.
num_chunks_returned_to_freelist: 9.
num_chunks_taken_from_freelist: 4171.
num_chunk_merges: 9.
num_chunk_splits: 2734.
num_chunks_enlarged: 1792.
num_purges: 0.
num_inconsistent_stats: 0.

CodeHeap 'non-profiled nmethods': size=119168Kb used=4731Kb max_used=4731Kb free=114436Kb
 bounds [0x000002b8db380000, 0x000002b8db820000, 0x000002b8e27e0000]
CodeHeap 'profiled nmethods': size=119104Kb used=20663Kb max_used=20663Kb free=98440Kb
 bounds [0x000002b8d3f30000, 0x000002b8d5360000, 0x000002b8db380000]
CodeHeap 'non-nmethods': size=7488Kb used=3556Kb max_used=3596Kb free=3931Kb
 bounds [0x000002b8d37e0000, 0x000002b8d3b70000, 0x000002b8d3f30000]
 total_blobs=10953 nmethods=10001 adapters=860
 compilation: enabled
              stopped_count=0, restarted_count=0
 full_count=0

Compilation events (20 events):
Event: 14.704 Thread 0x000002b8f04ee3b0 nmethod 11000 0x000002b8d5356310 code [0x000002b8d53564e0, 0x000002b8d5356918]
Event: 14.705 Thread 0x000002b8ef060bb0 nmethod 10936% 0x000002b8db81da10 code [0x000002b8db81dbc0, 0x000002b8db81e7d8]
Event: 14.705 Thread 0x000002b8ef060bb0 10927 % !   4       java.util.jar.Attributes::read @ 214 (494 bytes)
Event: 14.711 Thread 0x000002b8f04ee3b0 11001       3       java.lang.invoke.Invokers::checkGenericType (6 bytes)
Event: 14.711 Thread 0x000002b8f04eea30 11002       3       java.lang.invoke.DirectMethodHandle$Holder::invokeStatic (14 bytes)
Event: 14.711 Thread 0x000002b8f04eea30 nmethod 11002 0x000002b8d5356a90 code [0x000002b8d5356c60, 0x000002b8d53570b8]
Event: 14.711 Thread 0x000002b8f04ee3b0 nmethod 11001 0x000002b8d5357210 code [0x000002b8d53573c0, 0x000002b8d53577c8]
Event: 14.711 Thread 0x000002b8f04eea30 11003       3       java.util.Properties::<init> (32 bytes)
Event: 14.711 Thread 0x000002b8f04ee3b0 11004       3       java.util.Hashtable::<init> (10 bytes)
Event: 14.711 Thread 0x000002b8f04ee3b0 nmethod 11004 0x000002b8d5357910 code [0x000002b8d5357ac0, 0x000002b8d5357c98]
Event: 14.711 Thread 0x000002b8f04eea30 nmethod 11003 0x000002b8d5357d90 code [0x000002b8d5357f80, 0x000002b8d53583c8]
Event: 14.712 Thread 0x000002b8f04eea30 11005       3       java.util.ArrayDeque::remove (5 bytes)
Event: 14.712 Thread 0x000002b8f04eea30 nmethod 11005 0x000002b8d5358590 code [0x000002b8d5358760, 0x000002b8d5358a18]
Event: 14.713 Thread 0x000002b8f04eea30 11006       3       java.util.Properties::<init> (8 bytes)
Event: 14.714 Thread 0x000002b8f04eea30 nmethod 11006 0x000002b8d5358b90 code [0x000002b8d5358d80, 0x000002b8d5359248]
Event: 14.716 Thread 0x000002b8f04ee3b0 11008       3       java.lang.invoke.MethodHandles::privateLookupIn (333 bytes)
Event: 14.718 Thread 0x000002b8f04ee3b0 nmethod 11008 0x000002b8d5359410 code [0x000002b8d5359a80, 0x000002b8d535c818]
Event: 14.718 Thread 0x000002b8f04ee3b0 11010       3       org.apache.commons.lang.StringUtils::join (118 bytes)
Event: 14.718 Thread 0x000002b8f04eea30 11009       3       org.apache.commons.lang.StringUtils::join (15 bytes)
Event: 14.718 Thread 0x000002b8f04eea30 nmethod 11009 0x000002b8d535d910 code [0x000002b8d535dac0, 0x000002b8d535dc68]

GC Heap History (20 events):
Event: 4.190 GC heap before
{Heap before GC invocations=11 (full 0):
 garbage-first heap   total 108544K, used 75255K [0x0000000700000000, 0x0000000800000000)
  region size 2048K, 24 young (49152K), 3 survivors (6144K)
 Metaspace       used 40679K, committed 41152K, reserved 1089536K
  class space    used 5655K, committed 5888K, reserved 1048576K
}
Event: 4.194 GC heap after
{Heap after GC invocations=12 (full 0):
 garbage-first heap   total 108544K, used 36700K [0x0000000700000000, 0x0000000800000000)
  region size 2048K, 2 young (4096K), 2 survivors (4096K)
 Metaspace       used 40679K, committed 41152K, reserved 1089536K
  class space    used 5655K, committed 5888K, reserved 1048576K
}
Event: 4.496 GC heap before
{Heap before GC invocations=12 (full 0):
 garbage-first heap   total 108544K, used 79708K [0x0000000700000000, 0x0000000800000000)
  region size 2048K, 23 young (47104K), 2 survivors (4096K)
 Metaspace       used 43629K, committed 44096K, reserved 1089536K
  class space    used 6129K, committed 6336K, reserved 1048576K
}
Event: 4.501 GC heap after
{Heap after GC invocations=13 (full 0):
 garbage-first heap   total 108544K, used 37881K [0x0000000700000000, 0x0000000800000000)
  region size 2048K, 2 young (4096K), 2 survivors (4096K)
 Metaspace       used 43629K, committed 44096K, reserved 1089536K
  class space    used 6129K, committed 6336K, reserved 1048576K
}
Event: 6.547 GC heap before
{Heap before GC invocations=13 (full 0):
 garbage-first heap   total 108544K, used 82937K [0x0000000700000000, 0x0000000800000000)
  region size 2048K, 24 young (49152K), 2 survivors (4096K)
 Metaspace       used 53537K, committed 54080K, reserved 1097728K
  class space    used 7348K, committed 7616K, reserved 1048576K
}
Event: 6.553 GC heap after
{Heap after GC invocations=14 (full 0):
 garbage-first heap   total 180224K, used 41655K [0x0000000700000000, 0x0000000800000000)
  region size 2048K, 3 young (6144K), 3 survivors (6144K)
 Metaspace       used 53537K, committed 54080K, reserved 1097728K
  class space    used 7348K, committed 7616K, reserved 1048576K
}
Event: 9.622 GC heap before
{Heap before GC invocations=14 (full 0):
 garbage-first heap   total 180224K, used 137911K [0x0000000700000000, 0x0000000800000000)
  region size 2048K, 51 young (104448K), 3 survivors (6144K)
 Metaspace       used 56076K, committed 56704K, reserved 1097728K
  class space    used 7624K, committed 7936K, reserved 1048576K
}
Event: 9.633 GC heap after
{Heap after GC invocations=15 (full 0):
 garbage-first heap   total 180224K, used 48850K [0x0000000700000000, 0x0000000800000000)
  region size 2048K, 7 young (14336K), 7 survivors (14336K)
 Metaspace       used 56076K, committed 56704K, reserved 1097728K
  class space    used 7624K, committed 7936K, reserved 1048576K
}
Event: 10.251 GC heap before
{Heap before GC invocations=15 (full 0):
 garbage-first heap   total 180224K, used 114386K [0x0000000700000000, 0x0000000800000000)
  region size 2048K, 37 young (75776K), 7 survivors (14336K)
 Metaspace       used 59903K, committed 60416K, reserved 1105920K
  class space    used 8231K, committed 8512K, reserved 1048576K
}
Event: 10.263 GC heap after
{Heap after GC invocations=16 (full 0):
 garbage-first heap   total 180224K, used 64960K [0x0000000700000000, 0x0000000800000000)
  region size 2048K, 5 young (10240K), 5 survivors (10240K)
 Metaspace       used 59903K, committed 60416K, reserved 1105920K
  class space    used 8231K, committed 8512K, reserved 1048576K
}
Event: 10.897 GC heap before
{Heap before GC invocations=17 (full 0):
 garbage-first heap   total 180224K, used 140736K [0x0000000700000000, 0x0000000800000000)
  region size 2048K, 41 young (83968K), 5 survivors (10240K)
 Metaspace       used 65523K, committed 66176K, reserved 1114112K
  class space    used 8980K, committed 9280K, reserved 1048576K
}
Event: 10.905 GC heap after
{Heap after GC invocations=18 (full 0):
 garbage-first heap   total 180224K, used 72815K [0x0000000700000000, 0x0000000800000000)
  region size 2048K, 3 young (6144K), 3 survivors (6144K)
 Metaspace       used 65523K, committed 66176K, reserved 1114112K
  class space    used 8980K, committed 9280K, reserved 1048576K
}
Event: 11.501 GC heap before
{Heap before GC invocations=18 (full 0):
 garbage-first heap   total 180224K, used 142447K [0x0000000700000000, 0x0000000800000000)
  region size 2048K, 36 young (73728K), 3 survivors (6144K)
 Metaspace       used 70866K, committed 71552K, reserved 1114112K
  class space    used 9649K, committed 9984K, reserved 1048576K
}
Event: 11.508 GC heap after
{Heap after GC invocations=19 (full 0):
 garbage-first heap   total 180224K, used 82517K [0x0000000700000000, 0x0000000800000000)
  region size 2048K, 3 young (6144K), 3 survivors (6144K)
 Metaspace       used 70866K, committed 71552K, reserved 1114112K
  class space    used 9649K, committed 9984K, reserved 1048576K
}
Event: 12.030 GC heap before
{Heap before GC invocations=19 (full 0):
 garbage-first heap   total 180224K, used 141909K [0x0000000700000000, 0x0000000800000000)
  region size 2048K, 32 young (65536K), 3 survivors (6144K)
 Metaspace       used 75216K, committed 75840K, reserved 1122304K
  class space    used 10306K, committed 10624K, reserved 1048576K
}
Event: 12.037 GC heap after
{Heap after GC invocations=20 (full 0):
 garbage-first heap   total 180224K, used 86716K [0x0000000700000000, 0x0000000800000000)
  region size 2048K, 3 young (6144K), 3 survivors (6144K)
 Metaspace       used 75216K, committed 75840K, reserved 1122304K
  class space    used 10306K, committed 10624K, reserved 1048576K
}
Event: 13.957 GC heap before
{Heap before GC invocations=20 (full 0):
 garbage-first heap   total 180224K, used 133820K [0x0000000700000000, 0x0000000800000000)
  region size 2048K, 28 young (57344K), 3 survivors (6144K)
 Metaspace       used 79295K, committed 80000K, reserved 1122304K
  class space    used 10858K, committed 11200K, reserved 1048576K
}
Event: 13.964 GC heap after
{Heap after GC invocations=21 (full 0):
 garbage-first heap   total 217088K, used 90252K [0x0000000700000000, 0x0000000800000000)
  region size 2048K, 4 young (8192K), 4 survivors (8192K)
 Metaspace       used 79295K, committed 80000K, reserved 1122304K
  class space    used 10858K, committed 11200K, reserved 1048576K
}
Event: 14.648 GC heap before
{Heap before GC invocations=21 (full 0):
 garbage-first heap   total 217088K, used 139404K [0x0000000700000000, 0x0000000800000000)
  region size 2048K, 23 young (47104K), 4 survivors (8192K)
 Metaspace       used 80812K, committed 81600K, reserved 1122304K
  class space    used 11080K, committed 11456K, reserved 1048576K
}
Event: 14.655 GC heap after
{Heap after GC invocations=22 (full 0):
 garbage-first heap   total 217088K, used 103851K [0x0000000700000000, 0x0000000800000000)
  region size 2048K, 3 young (6144K), 3 survivors (6144K)
 Metaspace       used 80812K, committed 81600K, reserved 1122304K
  class space    used 11080K, committed 11456K, reserved 1048576K
}

Deoptimization events (20 events):
Event: 14.668 Thread 0x000002b8f202a160 DEOPT PACKING pc=0x000002b8db7e3774 sp=0x000000ef8f0f8950
Event: 14.668 Thread 0x000002b8f202a160 DEOPT UNPACKING pc=0x000002b8d3835c23 sp=0x000000ef8f0f8920 mode 2
Event: 14.668 Thread 0x000002b8f202a160 Uncommon trap: trap_request=0xffffffbe fr.pc=0x000002b8db7e3774 relative=0x0000000000000254
Event: 14.668 Thread 0x000002b8f202a160 Uncommon trap: reason=profile_predicate action=maybe_recompile pc=0x000002b8db7e3774 method=java.util.LinkedHashMap.valuesToArray([Ljava/lang/Object;)[Ljava/lang/Object; @ 10 c2
Event: 14.668 Thread 0x000002b8f202a160 DEOPT PACKING pc=0x000002b8db7e3774 sp=0x000000ef8f0f8950
Event: 14.668 Thread 0x000002b8f202a160 DEOPT UNPACKING pc=0x000002b8d3835c23 sp=0x000000ef8f0f8920 mode 2
Event: 14.668 Thread 0x000002b8f202a160 Uncommon trap: trap_request=0xffffffbe fr.pc=0x000002b8db7e3774 relative=0x0000000000000254
Event: 14.668 Thread 0x000002b8f202a160 Uncommon trap: reason=profile_predicate action=maybe_recompile pc=0x000002b8db7e3774 method=java.util.LinkedHashMap.valuesToArray([Ljava/lang/Object;)[Ljava/lang/Object; @ 10 c2
Event: 14.668 Thread 0x000002b8f202a160 DEOPT PACKING pc=0x000002b8db7e3774 sp=0x000000ef8f0f8950
Event: 14.668 Thread 0x000002b8f202a160 DEOPT UNPACKING pc=0x000002b8d3835c23 sp=0x000000ef8f0f8920 mode 2
Event: 14.681 Thread 0x000002b8f202a160 DEOPT PACKING pc=0x000002b8d4c4bf9d sp=0x000000ef8f0f8cd0
Event: 14.681 Thread 0x000002b8f202a160 DEOPT UNPACKING pc=0x000002b8d3836763 sp=0x000000ef8f0f8208 mode 0
Event: 14.688 Thread 0x000002b8f202a160 Uncommon trap: trap_request=0xffffff45 fr.pc=0x000002b8db81926c relative=0x0000000000001c4c
Event: 14.688 Thread 0x000002b8f202a160 Uncommon trap: reason=unstable_if action=reinterpret pc=0x000002b8db81926c method=java.lang.invoke.InvokerBytecodeGenerator.emitImplicitConversion(Ljava/lang/invoke/LambdaForm$BasicType;Ljava/lang/Class;Ljava/lang/Object;)V @ 46 c2
Event: 14.688 Thread 0x000002b8f202a160 DEOPT PACKING pc=0x000002b8db81926c sp=0x000000ef8f0f7830
Event: 14.688 Thread 0x000002b8f202a160 DEOPT UNPACKING pc=0x000002b8d3835c23 sp=0x000000ef8f0f77c0 mode 2
Event: 14.689 Thread 0x000002b8f202a160 Uncommon trap: trap_request=0xffffff45 fr.pc=0x000002b8db4579f0 relative=0x00000000000000f0
Event: 14.689 Thread 0x000002b8f202a160 Uncommon trap: reason=unstable_if action=reinterpret pc=0x000002b8db4579f0 method=jdk.internal.org.objectweb.asm.ByteVector.putShort(I)Ljdk/internal/org/objectweb/asm/ByteVector; @ 13 c2
Event: 14.689 Thread 0x000002b8f202a160 DEOPT PACKING pc=0x000002b8db4579f0 sp=0x000000ef8f0f73c0
Event: 14.689 Thread 0x000002b8f202a160 DEOPT UNPACKING pc=0x000002b8d3835c23 sp=0x000000ef8f0f7348 mode 2

Classes unloaded (0 events):
No events

Classes redefined (0 events):
No events

Internal exceptions (20 events):
Event: 12.331 Thread 0x000002b8f3ecdd20 Exception <a 'java/lang/NoSuchMethodError'{0x0000000708e08dc8}: 'void java.lang.invoke.DirectMethodHandle$Holder.invokeStatic(java.lang.Object, java.lang.Object, int)'> (0x0000000708e08dc8) 
thrown [s\open\src\hotspot\share\interpreter\linkResolver.cpp, line 759]
Event: 12.335 Thread 0x000002b8f3ecc510 Exception <a 'java/lang/NoSuchMethodError'{0x0000000708e4bd88}: 'int java.lang.invoke.DirectMethodHandle$Holder.invokeStaticInit(java.lang.Object, int, int)'> (0x0000000708e4bd88) 
thrown [s\open\src\hotspot\share\interpreter\linkResolver.cpp, line 759]
Event: 14.004 Thread 0x000002b8f202a160 Exception <a 'java/lang/NoSuchMethodError'{0x000000070cc888a8}: 'java.lang.Object java.lang.invoke.DirectMethodHandle$Holder.invokeStaticInit(java.lang.Object, java.lang.Object, java.lang.Object, java.lang.Object, java.lang.Object)'> (0x000000070cc888a8) 
thrown [s\open\src\hotspot\share\interpreter\linkResolver.cpp, line 759]
Event: 14.071 Thread 0x000002b8f202a160 Exception <a 'java/lang/NoSuchMethodError'{0x000000070c0ad5b8}: 'int java.lang.invoke.DirectMethodHandle$Holder.invokeSpecialIFC(java.lang.Object, java.lang.Object, java.lang.Object, java.lang.Object, java.lang.Object)'> (0x000000070c0ad5b8) 
thrown [s\open\src\hotspot\share\interpreter\linkResolver.cpp, line 759]
Event: 14.213 Thread 0x000002b8f202a160 Exception <a 'java/lang/NoSuchMethodError'{0x000000070b478ab0}: 'java.lang.Object java.lang.invoke.DirectMethodHandle$Holder.invokeStaticInit(java.lang.Object, java.lang.Object, java.lang.Object, java.lang.Object, java.lang.Object, java.lang.Object, java.lang.Object)'> (0x000000070b478ab0) 
thrown [s\open\src\hotspot\share\interpreter\linkResolver.cpp, line 759]
Event: 14.218 Thread 0x000002b8f202a160 Exception <a 'java/lang/NoSuchMethodError'{0x000000070b49d540}: 'int java.lang.invoke.DirectMethodHandle$Holder.invokeStaticInit(java.lang.Object, long, long)'> (0x000000070b49d540) 
thrown [s\open\src\hotspot\share\interpreter\linkResolver.cpp, line 759]
Event: 14.218 Thread 0x000002b8f202a160 Exception <a 'java/lang/NoSuchMethodError'{0x000000070b4a5338}: 'int java.lang.invoke.DirectMethodHandle$Holder.invokeStaticInit(java.lang.Object, float, float)'> (0x000000070b4a5338) 
thrown [s\open\src\hotspot\share\interpreter\linkResolver.cpp, line 759]
Event: 14.218 Thread 0x000002b8f202a160 Exception <a 'java/lang/NoSuchMethodError'{0x000000070b4ad138}: 'int java.lang.invoke.DirectMethodHandle$Holder.invokeStaticInit(java.lang.Object, double, double)'> (0x000000070b4ad138) 
thrown [s\open\src\hotspot\share\interpreter\linkResolver.cpp, line 759]
Event: 14.218 Thread 0x000002b8f202a160 Exception <a 'java/lang/NoSuchMethodError'{0x000000070b4b2618}: 'int java.lang.invoke.DirectMethodHandle$Holder.invokeStatic(java.lang.Object, long)'> (0x000000070b4b2618) 
thrown [s\open\src\hotspot\share\interpreter\linkResolver.cpp, line 759]
Event: 14.220 Thread 0x000002b8f202a160 Exception <a 'java/lang/NoSuchMethodError'{0x000000070b4c9828}: 'int java.lang.invoke.DirectMethodHandle$Holder.invokeSpecial(java.lang.Object, java.lang.Object, int, int)'> (0x000000070b4c9828) 
thrown [s\open\src\hotspot\share\interpreter\linkResolver.cpp, line 759]
Event: 14.220 Thread 0x000002b8f202a160 Exception <a 'java/lang/NoSuchMethodError'{0x000000070b4d86a0}: 'int java.lang.invoke.Invokers$Holder.linkToTargetMethod(java.lang.Object, java.lang.Object)'> (0x000000070b4d86a0) 
thrown [s\open\src\hotspot\share\interpreter\linkResolver.cpp, line 759]
Event: 14.221 Thread 0x000002b8f202a160 Exception <a 'java/lang/NoSuchMethodError'{0x000000070b4e18b0}: 'java.lang.Object java.lang.invoke.Invokers$Holder.invoke_MT(java.lang.Object, java.lang.Object, java.lang.Object, java.lang.Object, java.lang.Object, java.lang.Object, java.lang.Object, java.lang.Object, java.lang.Object, java.lang.Object, java.lang.Object)'> (0x000000070b4e18b0) 
thrown [s\open\src\hotspot\share\interpreter\linkResolver.cpp, line 759]
Event: 14.230 Thread 0x000002b8f202a160 Exception <a 'java/lang/NoSuchMethodError'{0x000000070b5b13a8}: 'void java.lang.invoke.DirectMethodHandle$Holder.invokeStatic(java.lang.Object, java.lang.Object, java.lang.Object, java.lang.Object, java.lang.Object, java.lang.Object, java.lang.Object, java.lang.Object, java.lang.Object, java.lang.Object)'> (0x000000070b5b13a8) 
thrown [s\open\src\hotspot\share\interpreter\linkResolver.cpp, line 759]
Event: 14.631 Thread 0x000002b8f202a160 Exception <a 'java/lang/NoSuchMethodError'{0x000000070b0c0740}: 'java.lang.Object java.lang.invoke.Invokers$Holder.invoke_MT(java.lang.Object, java.lang.Object, java.lang.Object, java.lang.Object, java.lang.Object, java.lang.Object, java.lang.Object, java.lang.Object, java.lang.Object)'> (0x000000070b0c0740) 
thrown [s\open\src\hotspot\share\interpreter\linkResolver.cpp, line 759]
Event: 14.633 Thread 0x000002b8f202a160 Exception <a 'java/lang/NoSuchMethodError'{0x000000070b0ec3c8}: 'int java.lang.invoke.DirectMethodHandle$Holder.invokeStaticInit(java.lang.Object, int, java.lang.Object)'> (0x000000070b0ec3c8) 
thrown [s\open\src\hotspot\share\interpreter\linkResolver.cpp, line 759]
Event: 14.687 Thread 0x000002b8f202a160 Exception <a 'java/lang/NoSuchMethodError'{0x000000070cc92450}: 'java.lang.Object java.lang.invoke.DirectMethodHandle$Holder.invokeStatic(java.lang.Object, int, java.lang.Object, java.lang.Object)'> (0x000000070cc92450) 
thrown [s\open\src\hotspot\share\interpreter\linkResolver.cpp, line 759]
Event: 14.687 Thread 0x000002b8f202a160 Exception <a 'java/lang/NoSuchMethodError'{0x000000070cc97318}: 'java.lang.Object java.lang.invoke.DirectMethodHandle$Holder.invokeSpecial(java.lang.Object, java.lang.Object, int, java.lang.Object, java.lang.Object)'> (0x000000070cc97318) 
thrown [s\open\src\hotspot\share\interpreter\linkResolver.cpp, line 759]
Event: 14.687 Thread 0x000002b8f202a160 Exception <a 'java/lang/NoSuchMethodError'{0x000000070cc9ba18}: 'java.lang.Object java.lang.invoke.DelegatingMethodHandle$Holder.delegate(java.lang.Object, int, java.lang.Object, java.lang.Object)'> (0x000000070cc9ba18) 
thrown [s\open\src\hotspot\share\interpreter\linkResolver.cpp, line 759]
Event: 14.689 Thread 0x000002b8f202a160 Exception <a 'java/lang/NoSuchMethodError'{0x000000070ccae1b8}: 'int java.lang.invoke.Invokers$Holder.linkToTargetMethod(java.lang.Object, java.lang.Object, java.lang.Object)'> (0x000000070ccae1b8) 
thrown [s\open\src\hotspot\share\interpreter\linkResolver.cpp, line 759]
Event: 14.697 Thread 0x000002b8f202a160 Exception <a 'java/lang/NoSuchMethodError'{0x000000070ccc3530}: 'void java.lang.invoke.DirectMethodHandle$Holder.invokeStatic(java.lang.Object, java.lang.Object, java.lang.Object, java.lang.Object, java.lang.Object, java.lang.Object, java.lang.Object, java.lang.Object)'> (0x000000070ccc3530) 
thrown [s\open\src\hotspot\share\interpreter\linkResolver.cpp, line 759]

VM Operations (20 events):
Event: 12.765 Executing VM operation: HandshakeAllThreads done
Event: 12.859 Executing VM operation: HandshakeAllThreads
Event: 12.860 Executing VM operation: HandshakeAllThreads done
Event: 12.940 Executing VM operation: ICBufferFull
Event: 12.941 Executing VM operation: ICBufferFull done
Event: 13.944 Executing VM operation: Cleanup
Event: 13.945 Executing VM operation: Cleanup done
Event: 13.957 Executing VM operation: G1TryInitiateConcMark
Event: 13.965 Executing VM operation: G1TryInitiateConcMark done
Event: 14.242 Executing VM operation: ICBufferFull
Event: 14.242 Executing VM operation: ICBufferFull done
Event: 14.648 Executing VM operation: G1TryInitiateConcMark
Event: 14.655 Executing VM operation: G1TryInitiateConcMark done
Event: 14.686 Executing VM operation: HandshakeAllThreads
Event: 14.687 Executing VM operation: HandshakeAllThreads done
Event: 14.690 Executing VM operation: G1Concurrent
Event: 14.695 Executing VM operation: G1Concurrent done
Event: 14.709 Executing VM operation: G1Concurrent
Event: 14.709 Executing VM operation: G1Concurrent done
Event: 14.718 Executing VM operation: G1CollectFull

Events (20 events):
Event: 14.214 loading class java/lang/invoke/MethodHandleImpl$Makers$2
Event: 14.214 loading class java/lang/invoke/MethodHandleImpl$Makers$2 done
Event: 14.214 loading class java/lang/invoke/MethodHandleImpl$Makers$3
Event: 14.214 loading class java/lang/invoke/MethodHandleImpl$Makers$3 done
Event: 14.215 loading class java/lang/invoke/DirectMethodHandle$EnsureInitialized
Event: 14.215 loading class java/lang/invoke/DirectMethodHandle$EnsureInitialized done
Event: 14.217 loading class java/lang/runtime/ObjectMethods$1
Event: 14.217 loading class java/lang/runtime/ObjectMethods$1 done
Event: 14.219 loading class java/lang/invoke/DirectMethodHandle$1
Event: 14.219 loading class java/lang/invoke/DirectMethodHandle$1 done
Event: 14.684 loading class java/util/AbstractList$RandomAccessSubList
Event: 14.685 loading class java/util/AbstractList$SubList
Event: 14.685 loading class java/util/AbstractList$SubList done
Event: 14.685 loading class java/util/AbstractList$RandomAccessSubList done
Event: 14.685 loading class java/util/AbstractList$ListItr
Event: 14.685 loading class java/util/AbstractList$ListItr done
Event: 14.687 loading class java/util/AbstractList$SubList$1
Event: 14.687 loading class java/util/AbstractList$SubList$1 done
Event: 14.687 loading class java/lang/invoke/MethodHandleImpl$CountingWrapper
Event: 14.688 loading class java/lang/invoke/MethodHandleImpl$CountingWrapper done


Dynamic libraries:
0x00007ff611c00000 - 0x00007ff611c10000 	C:\Program Files\Java\jdk-17.0.4\bin\java.exe
0x00007ffd1f820000 - 0x00007ffd1fa29000 	C:\Windows\SYSTEM32\ntdll.dll
0x00007ffd1de60000 - 0x00007ffd1df1d000 	C:\Windows\System32\KERNEL32.DLL
0x00007ffd1ccb0000 - 0x00007ffd1d034000 	C:\Windows\System32\KERNELBASE.dll
0x00007ffd16270000 - 0x00007ffd16302000 	C:\Windows\SYSTEM32\apphelp.dll
0x00007ffd1d1f0000 - 0x00007ffd1d301000 	C:\Windows\System32\ucrtbase.dll
0x00007ffd024f0000 - 0x00007ffd02508000 	C:\Program Files\Java\jdk-17.0.4\bin\jli.dll
0x00007ffd01830000 - 0x00007ffd0184a000 	C:\Program Files\Java\jdk-17.0.4\bin\VCRUNTIME140.dll
0x00007ffd1dd00000 - 0x00007ffd1ddae000 	C:\Windows\System32\ADVAPI32.dll
0x00007ffd1ddb0000 - 0x00007ffd1de53000 	C:\Windows\System32\msvcrt.dll
0x00007ffd1e830000 - 0x00007ffd1e8ce000 	C:\Windows\System32\sechost.dll
0x00007ffd1dbb0000 - 0x00007ffd1dcd1000 	C:\Windows\System32\RPCRT4.dll
0x00007ffd1df20000 - 0x00007ffd1e0cd000 	C:\Windows\System32\USER32.dll
0x00007ffd1d640000 - 0x00007ffd1d666000 	C:\Windows\System32\win32u.dll
0x00007ffd033a0000 - 0x00007ffd03645000 	C:\Windows\WinSxS\amd64_microsoft.windows.common-controls_6595b64144ccf1df_6.0.22000.120_none_9d947278b86cc467\COMCTL32.dll
0x00007ffd1d6e0000 - 0x00007ffd1d70a000 	C:\Windows\System32\GDI32.dll
0x00007ffd1d3b0000 - 0x00007ffd1d4ce000 	C:\Windows\System32\gdi32full.dll
0x00007ffd1d310000 - 0x00007ffd1d3ad000 	C:\Windows\System32\msvcp_win.dll
0x00007ffd12350000 - 0x00007ffd1235a000 	C:\Windows\SYSTEM32\VERSION.dll
0x00007ffd1e5c0000 - 0x00007ffd1e5f1000 	C:\Windows\System32\IMM32.DLL
0x00007ffd02640000 - 0x00007ffd0264c000 	C:\Program Files\Java\jdk-17.0.4\bin\vcruntime140_1.dll
0x00007ffceae40000 - 0x00007ffceaecd000 	C:\Program Files\Java\jdk-17.0.4\bin\msvcp140.dll
0x00007ffc74fe0000 - 0x00007ffc75ba2000 	C:\Program Files\Java\jdk-17.0.4\bin\server\jvm.dll
0x00007ffd1ea70000 - 0x00007ffd1ea78000 	C:\Windows\System32\PSAPI.DLL
0x00007ffd12110000 - 0x00007ffd12143000 	C:\Windows\SYSTEM32\WINMM.dll
0x00007ffd14e40000 - 0x00007ffd14e49000 	C:\Windows\SYSTEM32\WSOCK32.dll
0x00007ffd1e550000 - 0x00007ffd1e5bf000 	C:\Windows\System32\WS2_32.dll
0x00007ffd1bdf0000 - 0x00007ffd1be08000 	C:\Windows\SYSTEM32\kernel.appcore.dll
0x00007ffd02430000 - 0x00007ffd0243a000 	C:\Program Files\Java\jdk-17.0.4\bin\jimage.dll
0x00007ffd1a650000 - 0x00007ffd1a871000 	C:\Windows\SYSTEM32\DBGHELP.DLL
0x00007ffcfaca0000 - 0x00007ffcfacd1000 	C:\Windows\SYSTEM32\dbgcore.DLL
0x00007ffd1d170000 - 0x00007ffd1d1ef000 	C:\Windows\System32\bcryptPrimitives.dll
0x00007ffd02410000 - 0x00007ffd0241e000 	C:\Program Files\Java\jdk-17.0.4\bin\instrument.dll
0x00007ffcfeba0000 - 0x00007ffcfebc5000 	C:\Program Files\Java\jdk-17.0.4\bin\java.dll
0x00007ffcd3f90000 - 0x00007ffcd4066000 	C:\Program Files\Java\jdk-17.0.4\bin\jsvml.dll
0x00007ffd1ec90000 - 0x00007ffd1f455000 	C:\Windows\System32\SHELL32.dll
0x00007ffd1ad50000 - 0x00007ffd1b5b2000 	C:\Windows\SYSTEM32\windows.storage.dll
0x00007ffd1f460000 - 0x00007ffd1f7d6000 	C:\Windows\System32\combase.dll
0x00007ffd1abe0000 - 0x00007ffd1ad47000 	C:\Windows\SYSTEM32\wintypes.dll
0x00007ffd1eba0000 - 0x00007ffd1ec8a000 	C:\Windows\System32\SHCORE.dll
0x00007ffd1d810000 - 0x00007ffd1d86d000 	C:\Windows\System32\shlwapi.dll
0x00007ffd1cbe0000 - 0x00007ffd1cc05000 	C:\Windows\SYSTEM32\profapi.dll
0x00007ffcf4df0000 - 0x00007ffcf4e08000 	C:\Program Files\Java\jdk-17.0.4\bin\zip.dll
0x00007ffcf4dd0000 - 0x00007ffcf4de9000 	C:\Program Files\Java\jdk-17.0.4\bin\net.dll
0x00007ffd13c40000 - 0x00007ffd13d54000 	C:\Windows\SYSTEM32\WINHTTP.dll
0x00007ffd1c2c0000 - 0x00007ffd1c327000 	C:\Windows\system32\mswsock.dll
0x00007ffcf4db0000 - 0x00007ffcf4dc6000 	C:\Program Files\Java\jdk-17.0.4\bin\nio.dll
0x00007ffd02100000 - 0x00007ffd02110000 	C:\Program Files\Java\jdk-17.0.4\bin\verify.dll
0x00007ffd01e50000 - 0x00007ffd01e77000 	C:\Users\thoma\.gradle\native\c067742578af261105cb4f569cf0c3c89f3d7b1fecec35dd04571415982c5e48\windows-amd64\native-platform.dll
0x00007ffcbcd90000 - 0x00007ffcbced4000 	C:\Users\thoma\.gradle\native\100fb08df4bc3b14c8652ba06237920a3bd2aa13389f12d3474272988ae205f9\windows-amd64\native-platform-file-events.dll
0x00007ffd02010000 - 0x00007ffd02019000 	C:\Program Files\Java\jdk-17.0.4\bin\management.dll
0x00007ffd019e0000 - 0x00007ffd019eb000 	C:\Program Files\Java\jdk-17.0.4\bin\management_ext.dll
0x00007ffd1c500000 - 0x00007ffd1c518000 	C:\Windows\SYSTEM32\CRYPTSP.dll
0x00007ffd1bd50000 - 0x00007ffd1bd85000 	C:\Windows\system32\rsaenh.dll
0x00007ffd1c3b0000 - 0x00007ffd1c3dc000 	C:\Windows\SYSTEM32\USERENV.dll
0x00007ffd1c680000 - 0x00007ffd1c6a7000 	C:\Windows\SYSTEM32\bcrypt.dll
0x00007ffd1c520000 - 0x00007ffd1c52c000 	C:\Windows\SYSTEM32\CRYPTBASE.dll
0x00007ffd1b880000 - 0x00007ffd1b8ad000 	C:\Windows\SYSTEM32\IPHLPAPI.DLL
0x00007ffd1db30000 - 0x00007ffd1db39000 	C:\Windows\System32\NSI.dll
0x00007ffd133b0000 - 0x00007ffd133c9000 	C:\Windows\SYSTEM32\dhcpcsvc6.DLL
0x00007ffd134d0000 - 0x00007ffd134ee000 	C:\Windows\SYSTEM32\dhcpcsvc.DLL
0x00007ffd1b8b0000 - 0x00007ffd1b997000 	C:\Windows\SYSTEM32\DNSAPI.dll
0x00007ffcfeb70000 - 0x00007ffcfeb7e000 	C:\Program Files\Java\jdk-17.0.4\bin\sunmscapi.dll
0x00007ffd1d4d0000 - 0x00007ffd1d632000 	C:\Windows\System32\CRYPT32.dll
0x00007ffd1c650000 - 0x00007ffd1c678000 	C:\Windows\SYSTEM32\ncrypt.dll
0x00007ffd1c610000 - 0x00007ffd1c647000 	C:\Windows\SYSTEM32\NTASN1.dll
0x00007ffcfbe40000 - 0x00007ffcfbe48000 	C:\Windows\system32\wshunix.dll
0x000000006f130000 - 0x000000006f156000 	C:\Program Files\Bonjour\mdnsNSP.dll
0x00007ffd128e0000 - 0x00007ffd128ea000 	C:\Windows\System32\rasadhlp.dll
0x00007ffd11d20000 - 0x00007ffd11da1000 	C:\Windows\System32\fwpuclnt.dll
0x00007ffcde830000 - 0x00007ffcde847000 	C:\Windows\system32\napinsp.dll
0x00007ffcde810000 - 0x00007ffcde82b000 	C:\Windows\system32\pnrpnsp.dll
0x00007ffcd2a40000 - 0x00007ffcd2a52000 	C:\Windows\System32\winrnr.dll
0x00007ffd120d0000 - 0x00007ffd120e5000 	C:\Windows\system32\wshbth.dll
0x00007ffcd1670000 - 0x00007ffcd168f000 	C:\Windows\system32\nlansp_c.dll

dbghelp: loaded successfully - version: 4.0.5 - missing functions: none
symbol engine: initialized successfully - sym options: 0x614 - pdb path: .;C:\Program Files\Java\jdk-17.0.4\bin;C:\Windows\SYSTEM32;C:\Windows\WinSxS\amd64_microsoft.windows.common-controls_6595b64144ccf1df_6.0.22000.120_none_9d947278b86cc467;C:\Program Files\Java\jdk-17.0.4\bin\server;C:\Users\thoma\.gradle\native\c067742578af261105cb4f569cf0c3c89f3d7b1fecec35dd04571415982c5e48\windows-amd64;C:\Users\thoma\.gradle\native\100fb08df4bc3b14c8652ba06237920a3bd2aa13389f12d3474272988ae205f9\windows-amd64;C:\Program Files\Bonjour

VM Arguments:
jvm_args: --add-opens=java.base/java.util=ALL-UNNAMED --add-opens=java.base/java.lang=ALL-UNNAMED --add-opens=java.base/java.lang.invoke=ALL-UNNAMED --add-opens=java.prefs/java.util.prefs=ALL-UNNAMED --add-opens=java.base/java.nio.charset=ALL-UNNAMED --add-opens=java.base/java.net=ALL-UNNAMED --add-opens=java.base/java.util.concurrent.atomic=ALL-UNNAMED -Xmx4096M -Dfile.encoding=windows-1252 -Duser.country=CA -Duser.language=en -Duser.variant -javaagent:C:\Users\thoma\.gradle\wrapper\dists\gradle-8.8-bin\dl7vupf4psengwqhwktix4v1\gradle-8.8\lib\agents\gradle-instrumentation-agent-8.8.jar 
java_command: org.gradle.launcher.daemon.bootstrap.GradleDaemon 8.8
java_class_path (initial): C:\Users\thoma\.gradle\wrapper\dists\gradle-8.8-bin\dl7vupf4psengwqhwktix4v1\gradle-8.8\lib\gradle-launcher-8.8.jar
Launcher Type: SUN_STANDARD

[Global flags]
     intx CICompilerCount                          = 12                                        {product} {ergonomic}
     uint ConcGCThreads                            = 3                                         {product} {ergonomic}
     uint G1ConcRefinementThreads                  = 13                                        {product} {ergonomic}
   size_t G1HeapRegionSize                         = 2097152                                   {product} {ergonomic}
    uintx GCDrainStackTargetSize                   = 64                                        {product} {ergonomic}
   size_t InitialHeapSize                          = 130023424                                 {product} {ergonomic}
   size_t MarkStackSize                            = 4194304                                   {product} {ergonomic}
   size_t MaxHeapSize                              = 4294967296                                {product} {command line}
   size_t MaxNewSize                               = 2575302656                                {product} {ergonomic}
   size_t MinHeapDeltaBytes                        = 2097152                                   {product} {ergonomic}
   size_t MinHeapSize                              = 8388608                                   {product} {ergonomic}
    uintx NonNMethodCodeHeapSize                   = 7602480                                {pd product} {ergonomic}
    uintx NonProfiledCodeHeapSize                  = 122027880                              {pd product} {ergonomic}
    uintx ProfiledCodeHeapSize                     = 122027880                              {pd product} {ergonomic}
    uintx ReservedCodeCacheSize                    = 251658240                              {pd product} {ergonomic}
     bool SegmentedCodeCache                       = true                                      {product} {ergonomic}
   size_t SoftMaxHeapSize                          = 4294967296                             {manageable} {ergonomic}
     bool UseCompressedClassPointers               = true                           {product lp64_product} {ergonomic}
     bool UseCompressedOops                        = true                           {product lp64_product} {ergonomic}
     bool UseG1GC                                  = true                                      {product} {ergonomic}
     bool UseLargePagesIndividualAllocation        = false                                  {pd product} {ergonomic}

Logging:
Log output configuration:
 #0: stdout all=warning uptime,level,tags
 #1: stderr all=off uptime,level,tags

Environment Variables:
PATH=C:\Program Files\Common Files\Oracle\Java\javapath;C:\Windows\system32;C:\Windows;C:\Windows\System32\Wbem;C:\Windows\System32\WindowsPowerShell\v1.0\;C:\Windows\System32\OpenSSH\;C:\Program Files\Git\cmd;C:\Program Files (x86)\NVIDIA Corporation\PhysX\Common;C:\Program Files\NVIDIA Corporation\NVIDIA NvDLISR;C:\Program Files\dotnet\;C:\Users\thoma\AppData\Local\Microsoft\WindowsApps;C:\Users\thoma\AppData\Local\Programs\Microsoft VS Code\bin;C:\MinGW\bin;C:\Program Files\Inkscape\bin;C:\Users\thoma\.dotnet\tools
USERNAME=thoma
OS=Windows_NT
PROCESSOR_IDENTIFIER=Intel64 Family 6 Model 141 Stepping 1, GenuineIntel



---------------  S Y S T E M  ---------------

OS:
 Windows 11 , 64 bit Build 22000 (10.0.22000.2538)
OS uptime: 10 days 20:25 hours
Hyper-V role detected

CPU: total 16 (initial active 16) (8 cores per cpu, 2 threads per core) family 6 model 141 stepping 1 microcode 0x4e, cx8, cmov, fxsr, ht, mmx, 3dnowpref, sse, sse2, sse3, ssse3, sse4.1, sse4.2, popcnt, lzcnt, tsc, tscinvbit, avx, avx2, aes, erms, clmul, bmi1, bmi2, adx, avx512f, avx512dq, avx512cd, avx512bw, avx512vl, sha, fma, vzeroupper, avx512_vpopcntdq, avx512_vpclmulqdq, avx512_vaes, avx512_vnni, clflush, clflushopt, clwb, avx512_vbmi2, avx512_vbmi, hv

Memory: 4k page, system-wide physical 7922M (350M free)
TotalPageFile size 32498M (AvailPageFile size 5M)
current process WorkingSet (physical memory assigned to process): 453M, peak: 453M
current process commit charge ("private bytes"): 514M, peak: 516M

vm_info: Java HotSpot(TM) 64-Bit Server VM (17.0.4+11-LTS-179) for windows-amd64 JRE (17.0.4+11-LTS-179), built on Jun 28 2022 08:23:05 by "mach5one" with MS VC++ 16.8 / 16.9 (VS2019)

END.
